[debug] > Exec(early(addDefaultCommands), None, None)
[debug] > Exec(addDefaultCommands, None, None)
[debug] > Exec(early(initialize), None, None)
[debug] > Exec(initialize, None, None)
[debug] > Exec(early(addPluginSbtFile="""C:\Users\dell\AppData\Local\Temp\idea.sbt"""), None, None)
[debug] > Exec(addPluginSbtFile="""C:\Users\dell\AppData\Local\Temp\idea.sbt""", None, None)
[debug] > Exec(boot, None, None)
[debug] > Exec(writeSbtVersion, None, None)
[debug] > Exec(reload, None, None)
[debug] > Exec(sbtStashOnFailure, None, None)
[debug] > Exec(onFailure loadFailed, None, None)
[debug] > Exec(loadp, None, None)
[info] welcome to sbt 1.9.6 (Oracle Corporation Java 1.8.0_231)
[debug]       Load.loadUnit: plugins took 209.4163ms
[debug]       Load.loadUnit: defsScala took 0.418ms
[debug] [Loading] Scanning directory C:\Users\dell\.sbt\1.0\plugins
[debug] [Loading] Found non-root projects 
[debug] [Loading] Done in C:\Users\dell\.sbt\1.0\plugins, returning: ()
[debug] deducing auto plugins based on known facts Set(Atom(sbt.plugins.CorePlugin)) and clauses Clauses(Clause(Atom(sbt.plugins.JvmPlugin),Set(Atom(sbt.plugins.IvyPlugin)))
[debug] Clause(Atom(sbt.ScriptedPlugin),Set(Atom(sbt.plugins.JvmPlugin)))
[debug] Clause(Atom(sbt.plugins.SbtPlugin),Set(Atom(sbt.ScriptedPlugin)))
[debug] Clause(Atom(sbt.plugins.SemanticdbPlugin),Set(Atom(sbt.plugins.JvmPlugin)))
[debug] Clause(Atom(sbt.plugins.JUnitXmlReportPlugin),Set(Atom(sbt.plugins.JvmPlugin)))
[debug] Clause(Atom(sbt.plugins.MiniDependencyTreePlugin),Set(Atom(sbt.plugins.JvmPlugin)))
[debug] Clause(Atom(sbt.plugins.CorePlugin),Set(Atom(sbt.plugins.IvyPlugin)))
[debug] Clause(Atom(sbt.plugins.IvyPlugin),Set(Atom(sbt.plugins.JvmPlugin)))
[debug] Clause(Atom(sbt.plugins.JvmPlugin),Set(Atom(sbt.plugins.SemanticdbPlugin)))
[debug] Clause(Atom(sbt.plugins.JvmPlugin),Set(Atom(sbt.plugins.JUnitXmlReportPlugin)))
[debug] Clause(Atom(sbt.plugins.CorePlugin),Set(Atom(sbt.plugins.Giter8TemplatePlugin)))
[debug] Clause(Atom(sbt.plugins.JvmPlugin),Set(Atom(sbt.plugins.MiniDependencyTreePlugin))))
[debug]   :: deduced result: Matched(sbt.plugins.CorePlugin,sbt.plugins.Giter8TemplatePlugin,sbt.plugins.IvyPlugin,sbt.plugins.JvmPlugin,sbt.plugins.MiniDependencyTreePlugin,sbt.plugins.JUnitXmlReportPlugin,sbt.plugins.SemanticdbPlugin)
[debug] Plugins.deducer#function took 24.0904 ms
[debug]           Load.resolveProject(global-plugins) took 56.5022ms
[debug]         Load.loadTransitive: finalizeProject(Project(id global-plugins, base: C:\Users\dell\.sbt\1.0\plugins, plugins: List(<none>))) took 242.8107ms
[debug] [Loading] Done in C:\Users\dell\.sbt\1.0\plugins, returning: (global-plugins)
[debug]       Load.loadUnit: loadedProjectsRaw took 273.3256ms
[debug]       Load.loadUnit: cleanEvalClasses took 0.2613ms
[debug]     Load.loadUnit(file:/C:/Users/dell/.sbt/1.0/plugins/, ...) took 492.2031ms
[debug]   Load.apply: load took 677.4184ms
[debug]   Load.apply: resolveProjects took 8.6202ms
[debug]   Load.apply: finalTransforms took 199.9594ms
[debug]   Load.apply: config.delegates took 15.8732ms
[debug]   Load.apply: Def.make(settings)... took 649.3627ms
[debug]   Load.apply: structureIndex took 168.9544ms
[debug]   Load.apply: mkStreams took 2.2662ms
[info] loading global plugins from C:\Users\dell\.sbt\1.0\plugins
[debug] Running task... Cancel: Signal, check cycles: false, forcegc: true
[debug] Load.defaultLoad until apply took 3359.516ms
[debug]           Load.loadUnit: plugins took 63.1923ms
[debug]           Load.loadUnit: defsScala took 0.0036ms
[debug] [Loading] Scanning directory C:\Users\dell\IdeaProjects\SparkTest\project
[debug]             Load.loadUnit: mkEval took 11.4506ms
[debug] [Loading] Found non-root projects 
[debug] [Loading] Done in C:\Users\dell\IdeaProjects\SparkTest\project, returning: ()
[debug] deducing auto plugins based on known facts Set(Atom(sbt.plugins.CorePlugin)) and clauses Clauses(Clause(Atom(sbt.plugins.JvmPlugin),Set(Atom(sbt.plugins.IvyPlugin)))
[debug] Clause(Atom(sbt.ScriptedPlugin),Set(Atom(sbt.plugins.JvmPlugin)))
[debug] Clause(Atom(sbt.plugins.SbtPlugin),Set(Atom(sbt.ScriptedPlugin)))
[debug] Clause(Atom(sbt.plugins.SemanticdbPlugin),Set(Atom(sbt.plugins.JvmPlugin)))
[debug] Clause(Atom(sbt.plugins.JUnitXmlReportPlugin),Set(Atom(sbt.plugins.JvmPlugin)))
[debug] Clause(Atom(sbt.plugins.MiniDependencyTreePlugin),Set(Atom(sbt.plugins.JvmPlugin)))
[debug] Clause(Atom(sbt.plugins.CorePlugin),Set(Atom(sbt.plugins.IvyPlugin)))
[debug] Clause(Atom(sbt.plugins.IvyPlugin),Set(Atom(sbt.plugins.JvmPlugin)))
[debug] Clause(Atom(sbt.plugins.JvmPlugin),Set(Atom(sbt.plugins.SemanticdbPlugin)))
[debug] Clause(Atom(sbt.plugins.JvmPlugin),Set(Atom(sbt.plugins.JUnitXmlReportPlugin)))
[debug] Clause(Atom(sbt.plugins.CorePlugin),Set(Atom(sbt.plugins.Giter8TemplatePlugin)))
[debug] Clause(Atom(sbt.plugins.JvmPlugin),Set(Atom(sbt.plugins.MiniDependencyTreePlugin))))
[debug]   :: deduced result: Matched(sbt.plugins.CorePlugin,sbt.plugins.Giter8TemplatePlugin,sbt.plugins.IvyPlugin,sbt.plugins.JvmPlugin,sbt.plugins.MiniDependencyTreePlugin,sbt.plugins.JUnitXmlReportPlugin,sbt.plugins.SemanticdbPlugin)
[debug] Plugins.deducer#function took 2.9105 ms
[info] loading settings for project sparktest-build from idea.sbt ...
[debug]               Load.resolveProject(sparktest-build) took 6.8839ms
[debug]             Load.loadTransitive: finalizeProject(Project(id sparktest-build, base: C:\Users\dell\IdeaProjects\SparkTest\project, plugins: List(<none>))) took 10.4319ms
[debug] [Loading] Done in C:\Users\dell\IdeaProjects\SparkTest\project, returning: (sparktest-build)
[debug]           Load.loadUnit: loadedProjectsRaw took 240.4045ms
[debug]           Load.loadUnit: cleanEvalClasses took 5.8463ms
[debug]         Load.loadUnit(file:/C:/Users/dell/IdeaProjects/SparkTest/project/, ...) took 310.5693ms
[debug]       Load.apply: load took 312.0878ms
[debug]       Load.apply: resolveProjects took 0.1447ms
[debug]       Load.apply: finalTransforms took 9.9202ms
[debug]       Load.apply: config.delegates took 0.4876ms
[debug]       Load.apply: Def.make(settings)... took 115.5725ms
[debug]       Load.apply: structureIndex took 42.5996ms
[debug]       Load.apply: mkStreams took 0.0027ms
[info] loading project definition from C:\Users\dell\IdeaProjects\SparkTest\project
[debug] Running task... Cancel: Signal, check cycles: false, forcegc: true
[debug]     Load.loadUnit: plugins took 888.6605ms
[debug]     Load.loadUnit: defsScala took 0.0029ms
[debug] [Loading] Scanning directory C:\Users\dell\IdeaProjects\SparkTest
[debug]       Load.loadUnit: mkEval took 0.286ms
[debug] [Loading] Found root project root w/ remaining 
[debug] deducing auto plugins based on known facts Set(Atom(sbt.plugins.CorePlugin)) and clauses Clauses(Clause(Atom(sbt.plugins.JvmPlugin),Set(Atom(sbt.plugins.IvyPlugin)))
[debug] Clause(Atom(sbt.ScriptedPlugin),Set(Atom(sbt.plugins.JvmPlugin)))
[debug] Clause(Atom(sbt.plugins.SbtPlugin),Set(Atom(sbt.ScriptedPlugin)))
[debug] Clause(Atom(sbt.plugins.SemanticdbPlugin),Set(Atom(sbt.plugins.JvmPlugin)))
[debug] Clause(Atom(sbt.plugins.JUnitXmlReportPlugin),Set(Atom(sbt.plugins.JvmPlugin)))
[debug] Clause(Atom(sbt.plugins.MiniDependencyTreePlugin),Set(Atom(sbt.plugins.JvmPlugin)))
[debug] Clause(Atom(org.jetbrains.sbt.StructurePlugin),Set(Atom(sbt.plugins.JvmPlugin)))
[debug] Clause(Atom(org.jetbrains.sbt.IdeaShellPlugin),Set(Atom(sbt.plugins.JvmPlugin)))
[debug] Clause(Atom(org.jetbrains.sbt.indices.SbtIntellijIndicesPlugin),Set(Atom(sbt.plugins.JvmPlugin)))
[debug] Clause(Atom(sbt.plugins.CorePlugin),Set(Atom(sbt.plugins.IvyPlugin)))
[debug] Clause(Atom(sbt.plugins.IvyPlugin),Set(Atom(sbt.plugins.JvmPlugin)))
[debug] Clause(Atom(sbt.plugins.JvmPlugin),Set(Atom(sbt.plugins.SemanticdbPlugin)))
[debug] Clause(Atom(sbt.plugins.JvmPlugin),Set(Atom(sbt.plugins.JUnitXmlReportPlugin)))
[debug] Clause(Atom(sbt.plugins.CorePlugin),Set(Atom(sbt.plugins.Giter8TemplatePlugin)))
[debug] Clause(Atom(sbt.plugins.JvmPlugin),Set(Atom(sbt.plugins.MiniDependencyTreePlugin)))
[debug] Clause(Atom(sbt.plugins.JvmPlugin),Set(Atom(org.jetbrains.sbt.StructurePlugin)))
[debug] Clause(Atom(sbt.plugins.JvmPlugin),Set(Atom(org.jetbrains.sbt.IdeaShellPlugin)))
[debug] Clause(And(Set(Atom(sbt.plugins.CorePlugin), Atom(sbt.plugins.JvmPlugin))),Set(Atom(org.jetbrains.sbt.indices.SbtIntellijIndicesPlugin))))
[debug]   :: deduced result: Matched(sbt.plugins.CorePlugin,sbt.plugins.Giter8TemplatePlugin,sbt.plugins.IvyPlugin,sbt.plugins.JvmPlugin,sbt.plugins.SemanticdbPlugin,org.jetbrains.sbt.indices.SbtIntellijIndicesPlugin,sbt.plugins.JUnitXmlReportPlugin,org.jetbrains.sbt.IdeaShellPlugin,org.jetbrains.sbt.StructurePlugin,sbt.plugins.MiniDependencyTreePlugin)
[debug] Plugins.deducer#function took 2.4369 ms
[info] loading settings for project root from build.sbt ...
[debug]         Load.resolveProject(root) took 36.6304ms
[debug]       Load.loadTransitive: finalizeProject(Project(id root, base: C:\Users\dell\IdeaProjects\SparkTest, plugins: List(<none>))) took 40.5732ms
[debug] [Loading] Done in C:\Users\dell\IdeaProjects\SparkTest, returning: (root)
[debug]     Load.loadUnit: loadedProjectsRaw took 149.2164ms
[debug]     Load.loadUnit: cleanEvalClasses took 4.1754ms
[debug]   Load.loadUnit(file:/C:/Users/dell/IdeaProjects/SparkTest/, ...) took 1042.6626ms
[debug] Load.apply: load took 1044.2025ms
[debug] Load.apply: resolveProjects took 0.1293ms
[debug] Load.apply: finalTransforms took 32.2617ms
[debug] Load.apply: config.delegates took 0.3753ms
[debug] Load.apply: Def.make(settings)... took 87.8507ms
[debug] Load.apply: structureIndex took 29.8801ms
[debug] Load.apply: mkStreams took 0.0024ms
[info] set current project to SparkTest (in build file:/C:/Users/dell/IdeaProjects/SparkTest/)
[debug] > Exec(sbtPopOnFailure, None, None)
[debug] > Exec(resumeFromFailure, None, None)
[debug] > Exec(notifyUsersAboutShell, None, None)
[debug] > Exec(iflast shell, None, None)
[debug] > Exec(; set ideaPort in Global := 55858 ; idea-shell, None, None)
[debug] > Exec(set ideaPort in Global := 55858, None, None)
[info] Defining Global / ideaPort
[info] The new value will be used by Compile / compile, Test / compile
[debug] Defining 
[debug] 	Global / ideaPort
[debug] 
[debug] The new value will be used by 
[debug] 	Compile / compile
[debug] 	Test / compile
[info] Reapplying settings...
[info] set current project to SparkTest (in build file:/C:/Users/dell/IdeaProjects/SparkTest/)
[debug] > Exec(idea-shell, None, None)
