[debug] > Exec(reload, None, None)
[debug] > Exec(sbtStashOnFailure, None, None)
[debug] > Exec(onFailure loadFailed, None, None)
[debug] > Exec(loadp, None, None)
[info] welcome to sbt 1.9.6 (Oracle Corporation Java 1.8.0_231)
[debug]       Load.loadUnit: plugins took 197.6439ms
[debug]       Load.loadUnit: defsScala took 0.0047ms
[debug] [Loading] Scanning directory C:\Users\dell\.sbt\1.0\plugins
[debug] [Loading] Found non-root projects 
[debug] [Loading] Done in C:\Users\dell\.sbt\1.0\plugins, returning: ()
[debug] deducing auto plugins based on known facts Set(Atom(sbt.plugins.CorePlugin)) and clauses Clauses(Clause(Atom(sbt.plugins.JvmPlugin),Set(Atom(sbt.plugins.IvyPlugin)))
[debug] Clause(Atom(sbt.ScriptedPlugin),Set(Atom(sbt.plugins.JvmPlugin)))
[debug] Clause(Atom(sbt.plugins.SbtPlugin),Set(Atom(sbt.ScriptedPlugin)))
[debug] Clause(Atom(sbt.plugins.SemanticdbPlugin),Set(Atom(sbt.plugins.JvmPlugin)))
[debug] Clause(Atom(sbt.plugins.JUnitXmlReportPlugin),Set(Atom(sbt.plugins.JvmPlugin)))
[debug] Clause(Atom(sbt.plugins.MiniDependencyTreePlugin),Set(Atom(sbt.plugins.JvmPlugin)))
[debug] Clause(Atom(sbt.plugins.CorePlugin),Set(Atom(sbt.plugins.IvyPlugin)))
[debug] Clause(Atom(sbt.plugins.IvyPlugin),Set(Atom(sbt.plugins.JvmPlugin)))
[debug] Clause(Atom(sbt.plugins.JvmPlugin),Set(Atom(sbt.plugins.SemanticdbPlugin)))
[debug] Clause(Atom(sbt.plugins.JvmPlugin),Set(Atom(sbt.plugins.JUnitXmlReportPlugin)))
[debug] Clause(Atom(sbt.plugins.CorePlugin),Set(Atom(sbt.plugins.Giter8TemplatePlugin)))
[debug] Clause(Atom(sbt.plugins.JvmPlugin),Set(Atom(sbt.plugins.MiniDependencyTreePlugin))))
[debug]   :: deduced result: Matched(sbt.plugins.CorePlugin,sbt.plugins.Giter8TemplatePlugin,sbt.plugins.IvyPlugin,sbt.plugins.JvmPlugin,sbt.plugins.MiniDependencyTreePlugin,sbt.plugins.JUnitXmlReportPlugin,sbt.plugins.SemanticdbPlugin)
[debug] Plugins.deducer#function took 4.3276 ms
[debug]           Load.resolveProject(global-plugins) took 7.0817ms
[debug]         Load.loadTransitive: finalizeProject(Project(id global-plugins, base: C:\Users\dell\.sbt\1.0\plugins, plugins: List(<none>))) took 13.806ms
[debug] [Loading] Done in C:\Users\dell\.sbt\1.0\plugins, returning: (global-plugins)
[debug]       Load.loadUnit: loadedProjectsRaw took 17.4325ms
[debug]       Load.loadUnit: cleanEvalClasses took 0.0076ms
[debug]     Load.loadUnit(file:/C:/Users/dell/.sbt/1.0/plugins/, ...) took 216.4205ms
[debug]   Load.apply: load took 224.2128ms
[debug]   Load.apply: resolveProjects took 0.2231ms
[debug]   Load.apply: finalTransforms took 17.5395ms
[debug]   Load.apply: config.delegates took 0.6987ms
[debug]   Load.apply: Def.make(settings)... took 94.8302ms
[debug]   Load.apply: structureIndex took 29.2804ms
[debug]   Load.apply: mkStreams took 0.0143ms
[info] loading global plugins from C:\Users\dell\.sbt\1.0\plugins
[debug] Running task... Cancel: Signal, check cycles: false, forcegc: true
[debug] Forcing garbage collection...
[debug] Load.defaultLoad until apply took 1515.998ms
[debug]           Load.loadUnit: plugins took 91.1738ms
[debug]           Load.loadUnit: defsScala took 0.0029ms
[debug] [Loading] Scanning directory C:\Users\dell\IdeaProjects\SparkTest\project
[debug]             Load.loadUnit: mkEval took 1.0344ms
[debug] [Loading] Found non-root projects 
[debug] [Loading] Done in C:\Users\dell\IdeaProjects\SparkTest\project, returning: ()
[debug] deducing auto plugins based on known facts Set(Atom(sbt.plugins.CorePlugin)) and clauses Clauses(Clause(Atom(sbt.plugins.JvmPlugin),Set(Atom(sbt.plugins.IvyPlugin)))
[debug] Clause(Atom(sbt.ScriptedPlugin),Set(Atom(sbt.plugins.JvmPlugin)))
[debug] Clause(Atom(sbt.plugins.SbtPlugin),Set(Atom(sbt.ScriptedPlugin)))
[debug] Clause(Atom(sbt.plugins.SemanticdbPlugin),Set(Atom(sbt.plugins.JvmPlugin)))
[debug] Clause(Atom(sbt.plugins.JUnitXmlReportPlugin),Set(Atom(sbt.plugins.JvmPlugin)))
[debug] Clause(Atom(sbt.plugins.MiniDependencyTreePlugin),Set(Atom(sbt.plugins.JvmPlugin)))
[debug] Clause(Atom(sbt.plugins.CorePlugin),Set(Atom(sbt.plugins.IvyPlugin)))
[debug] Clause(Atom(sbt.plugins.IvyPlugin),Set(Atom(sbt.plugins.JvmPlugin)))
[debug] Clause(Atom(sbt.plugins.JvmPlugin),Set(Atom(sbt.plugins.SemanticdbPlugin)))
[debug] Clause(Atom(sbt.plugins.JvmPlugin),Set(Atom(sbt.plugins.JUnitXmlReportPlugin)))
[debug] Clause(Atom(sbt.plugins.CorePlugin),Set(Atom(sbt.plugins.Giter8TemplatePlugin)))
[debug] Clause(Atom(sbt.plugins.JvmPlugin),Set(Atom(sbt.plugins.MiniDependencyTreePlugin))))
[debug]   :: deduced result: Matched(sbt.plugins.CorePlugin,sbt.plugins.Giter8TemplatePlugin,sbt.plugins.IvyPlugin,sbt.plugins.JvmPlugin,sbt.plugins.MiniDependencyTreePlugin,sbt.plugins.JUnitXmlReportPlugin,sbt.plugins.SemanticdbPlugin)
[debug] Plugins.deducer#function took 2.4654 ms
[info] loading settings for project sparktest-build from idea1.sbt ...
[debug]               Load.resolveProject(sparktest-build) took 6.8668ms
[debug]             Load.loadTransitive: finalizeProject(Project(id sparktest-build, base: C:\Users\dell\IdeaProjects\SparkTest\project, plugins: List(<none>))) took 9.7491ms
[debug] [Loading] Done in C:\Users\dell\IdeaProjects\SparkTest\project, returning: (sparktest-build)
[debug]           Load.loadUnit: loadedProjectsRaw took 48.5629ms
[debug]           Load.loadUnit: cleanEvalClasses took 1.6554ms
[debug]         Load.loadUnit(file:/C:/Users/dell/IdeaProjects/SparkTest/project/, ...) took 142.116ms
[debug]       Load.apply: load took 143.4157ms
[debug]       Load.apply: resolveProjects took 0.3978ms
[debug]       Load.apply: finalTransforms took 13.3212ms
[debug]       Load.apply: config.delegates took 0.6621ms
[debug]       Load.apply: Def.make(settings)... took 74.8111ms
[debug]       Load.apply: structureIndex took 26.2474ms
[debug]       Load.apply: mkStreams took 0.0032ms
[info] loading project definition from C:\Users\dell\IdeaProjects\SparkTest\project
[debug] Running task... Cancel: Signal, check cycles: false, forcegc: true
[debug]     Load.loadUnit: plugins took 445.8132ms
[debug]     Load.loadUnit: defsScala took 0.0028ms
[debug] [Loading] Scanning directory C:\Users\dell\IdeaProjects\SparkTest
[debug]       Load.loadUnit: mkEval took 0.2486ms
[debug] [Loading] Found root project root w/ remaining 
[debug] deducing auto plugins based on known facts Set(Atom(sbt.plugins.CorePlugin)) and clauses Clauses(Clause(Atom(sbt.plugins.JvmPlugin),Set(Atom(sbt.plugins.IvyPlugin)))
[debug] Clause(Atom(sbt.ScriptedPlugin),Set(Atom(sbt.plugins.JvmPlugin)))
[debug] Clause(Atom(sbt.plugins.SbtPlugin),Set(Atom(sbt.ScriptedPlugin)))
[debug] Clause(Atom(sbt.plugins.SemanticdbPlugin),Set(Atom(sbt.plugins.JvmPlugin)))
[debug] Clause(Atom(sbt.plugins.JUnitXmlReportPlugin),Set(Atom(sbt.plugins.JvmPlugin)))
[debug] Clause(Atom(sbt.plugins.MiniDependencyTreePlugin),Set(Atom(sbt.plugins.JvmPlugin)))
[debug] Clause(Atom(org.jetbrains.sbt.StructurePlugin),Set(Atom(sbt.plugins.JvmPlugin)))
[debug] Clause(Atom(org.jetbrains.sbt.IdeaShellPlugin),Set(Atom(sbt.plugins.JvmPlugin)))
[debug] Clause(Atom(org.jetbrains.sbt.indices.SbtIntellijIndicesPlugin),Set(Atom(sbt.plugins.JvmPlugin)))
[debug] Clause(Atom(sbt.plugins.CorePlugin),Set(Atom(sbt.plugins.IvyPlugin)))
[debug] Clause(Atom(sbt.plugins.IvyPlugin),Set(Atom(sbt.plugins.JvmPlugin)))
[debug] Clause(Atom(sbt.plugins.JvmPlugin),Set(Atom(sbt.plugins.SemanticdbPlugin)))
[debug] Clause(Atom(sbt.plugins.JvmPlugin),Set(Atom(sbt.plugins.JUnitXmlReportPlugin)))
[debug] Clause(Atom(sbt.plugins.CorePlugin),Set(Atom(sbt.plugins.Giter8TemplatePlugin)))
[debug] Clause(Atom(sbt.plugins.JvmPlugin),Set(Atom(sbt.plugins.MiniDependencyTreePlugin)))
[debug] Clause(Atom(sbt.plugins.JvmPlugin),Set(Atom(org.jetbrains.sbt.StructurePlugin)))
[debug] Clause(Atom(sbt.plugins.JvmPlugin),Set(Atom(org.jetbrains.sbt.IdeaShellPlugin)))
[debug] Clause(And(Set(Atom(sbt.plugins.CorePlugin), Atom(sbt.plugins.JvmPlugin))),Set(Atom(org.jetbrains.sbt.indices.SbtIntellijIndicesPlugin))))
[debug]   :: deduced result: Matched(sbt.plugins.CorePlugin,sbt.plugins.Giter8TemplatePlugin,sbt.plugins.IvyPlugin,sbt.plugins.JvmPlugin,sbt.plugins.SemanticdbPlugin,org.jetbrains.sbt.indices.SbtIntellijIndicesPlugin,sbt.plugins.JUnitXmlReportPlugin,org.jetbrains.sbt.IdeaShellPlugin,org.jetbrains.sbt.StructurePlugin,sbt.plugins.MiniDependencyTreePlugin)
[debug] Plugins.deducer#function took 1.8288 ms
[info] loading settings for project root from build.sbt ...
[debug]         Load.resolveProject(root) took 33.1572ms
[debug]       Load.loadTransitive: finalizeProject(Project(id root, base: C:\Users\dell\IdeaProjects\SparkTest, plugins: List(<none>))) took 35.4575ms
[debug] [Loading] Done in C:\Users\dell\IdeaProjects\SparkTest, returning: (root)
[debug]     Load.loadUnit: loadedProjectsRaw took 886.1028ms
[debug]     Load.loadUnit: cleanEvalClasses took 7.0462ms
[debug]   Load.loadUnit(file:/C:/Users/dell/IdeaProjects/SparkTest/, ...) took 1339.4093ms
[debug] Load.apply: load took 1341.4569ms
[debug] Load.apply: resolveProjects took 0.0848ms
[debug] Load.apply: finalTransforms took 30.0031ms
[debug] Load.apply: config.delegates took 0.3019ms
[debug] Load.apply: Def.make(settings)... took 64.9379ms
[debug] Load.apply: structureIndex took 27.0055ms
[debug] Load.apply: mkStreams took 0.0022ms
[warn] Discarding 1 session setting.  Use 'session save' to persist session settings.
[info] set current project to SparkTest (in build file:/C:/Users/dell/IdeaProjects/SparkTest/)
[debug] > Exec(sbtPopOnFailure, None, None)
[debug] > Exec(resumeFromFailure, None, None)
[debug] > Exec(idea-shell, None, None)
[debug] > Exec(, None, None)
[debug] > Exec(idea-shell, None, None)
[debug] > Exec(, None, None)
[debug] > Exec(idea-shell, None, None)
[debug] > Exec(, None, None)
[debug] > Exec(idea-shell, None, None)
