[debug] > Exec(;reload; set _root_.org.jetbrains.sbt.StructureKeys.sbtStructureOptions in Global := "download resolveClassifiers" ;preferScala2;*/*:dumpStructureTo C:/Users/dell/AppData/Local/Temp/sbt-structure.xml; session clear-all ; set ideaPort in Global := 55858, None, None)
[debug] > Exec(reload, None, None)
[debug] > Exec(sbtStashOnFailure, None, None)
[debug] > Exec(onFailure loadFailed, None, None)
[debug] > Exec(loadp, None, None)
[info] welcome to sbt 1.9.6 (Oracle Corporation Java 1.8.0_231)
[debug]       Load.loadUnit: plugins took 29.6182ms
[debug]       Load.loadUnit: defsScala took 0.0034ms
[debug] [Loading] Scanning directory C:\Users\dell\.sbt\1.0\plugins
[debug] [Loading] Found non-root projects 
[debug] [Loading] Done in C:\Users\dell\.sbt\1.0\plugins, returning: ()
[debug] deducing auto plugins based on known facts Set(Atom(sbt.plugins.CorePlugin)) and clauses Clauses(Clause(Atom(sbt.plugins.JvmPlugin),Set(Atom(sbt.plugins.IvyPlugin)))
[debug] Clause(Atom(sbt.ScriptedPlugin),Set(Atom(sbt.plugins.JvmPlugin)))
[debug] Clause(Atom(sbt.plugins.SbtPlugin),Set(Atom(sbt.ScriptedPlugin)))
[debug] Clause(Atom(sbt.plugins.SemanticdbPlugin),Set(Atom(sbt.plugins.JvmPlugin)))
[debug] Clause(Atom(sbt.plugins.JUnitXmlReportPlugin),Set(Atom(sbt.plugins.JvmPlugin)))
[debug] Clause(Atom(sbt.plugins.MiniDependencyTreePlugin),Set(Atom(sbt.plugins.JvmPlugin)))
[debug] Clause(Atom(sbt.plugins.CorePlugin),Set(Atom(sbt.plugins.IvyPlugin)))
[debug] Clause(Atom(sbt.plugins.IvyPlugin),Set(Atom(sbt.plugins.JvmPlugin)))
[debug] Clause(Atom(sbt.plugins.JvmPlugin),Set(Atom(sbt.plugins.SemanticdbPlugin)))
[debug] Clause(Atom(sbt.plugins.JvmPlugin),Set(Atom(sbt.plugins.JUnitXmlReportPlugin)))
[debug] Clause(Atom(sbt.plugins.CorePlugin),Set(Atom(sbt.plugins.Giter8TemplatePlugin)))
[debug] Clause(Atom(sbt.plugins.JvmPlugin),Set(Atom(sbt.plugins.MiniDependencyTreePlugin))))
[debug]   :: deduced result: Matched(sbt.plugins.CorePlugin,sbt.plugins.Giter8TemplatePlugin,sbt.plugins.IvyPlugin,sbt.plugins.JvmPlugin,sbt.plugins.MiniDependencyTreePlugin,sbt.plugins.JUnitXmlReportPlugin,sbt.plugins.SemanticdbPlugin)
[debug] Plugins.deducer#function took 1.2358 ms
[debug]           Load.resolveProject(global-plugins) took 0.7916ms
[debug]         Load.loadTransitive: finalizeProject(Project(id global-plugins, base: C:\Users\dell\.sbt\1.0\plugins, plugins: List(<none>))) took 2.383ms
[debug] [Loading] Done in C:\Users\dell\.sbt\1.0\plugins, returning: (global-plugins)
[debug]       Load.loadUnit: loadedProjectsRaw took 3.3431ms
[debug]       Load.loadUnit: cleanEvalClasses took 0.0071ms
[debug]     Load.loadUnit(file:/C:/Users/dell/.sbt/1.0/plugins/, ...) took 33.6153ms
[debug]   Load.apply: load took 34.5038ms
[debug]   Load.apply: resolveProjects took 0.0717ms
[debug]   Load.apply: finalTransforms took 4.1995ms
[debug]   Load.apply: config.delegates took 0.3026ms
[debug]   Load.apply: Def.make(settings)... took 52.683ms
[debug]   Load.apply: structureIndex took 16.9613ms
[debug]   Load.apply: mkStreams took 0.0022ms
[info] loading global plugins from C:\Users\dell\.sbt\1.0\plugins
[debug] Running task... Cancel: Signal, check cycles: false, forcegc: true
[debug] Load.defaultLoad until apply took 358.1784ms
[debug]           Load.loadUnit: plugins took 28.5967ms
[debug]           Load.loadUnit: defsScala took 0.0024ms
[debug] [Loading] Scanning directory C:\Users\dell\IdeaProjects\SparkTest\project
[debug]             Load.loadUnit: mkEval took 0.2449ms
[debug] [Loading] Found non-root projects 
[debug] [Loading] Done in C:\Users\dell\IdeaProjects\SparkTest\project, returning: ()
[debug] deducing auto plugins based on known facts Set(Atom(sbt.plugins.CorePlugin)) and clauses Clauses(Clause(Atom(sbt.plugins.JvmPlugin),Set(Atom(sbt.plugins.IvyPlugin)))
[debug] Clause(Atom(sbt.ScriptedPlugin),Set(Atom(sbt.plugins.JvmPlugin)))
[debug] Clause(Atom(sbt.plugins.SbtPlugin),Set(Atom(sbt.ScriptedPlugin)))
[debug] Clause(Atom(sbt.plugins.SemanticdbPlugin),Set(Atom(sbt.plugins.JvmPlugin)))
[debug] Clause(Atom(sbt.plugins.JUnitXmlReportPlugin),Set(Atom(sbt.plugins.JvmPlugin)))
[debug] Clause(Atom(sbt.plugins.MiniDependencyTreePlugin),Set(Atom(sbt.plugins.JvmPlugin)))
[debug] Clause(Atom(sbt.plugins.CorePlugin),Set(Atom(sbt.plugins.IvyPlugin)))
[debug] Clause(Atom(sbt.plugins.IvyPlugin),Set(Atom(sbt.plugins.JvmPlugin)))
[debug] Clause(Atom(sbt.plugins.JvmPlugin),Set(Atom(sbt.plugins.SemanticdbPlugin)))
[debug] Clause(Atom(sbt.plugins.JvmPlugin),Set(Atom(sbt.plugins.JUnitXmlReportPlugin)))
[debug] Clause(Atom(sbt.plugins.CorePlugin),Set(Atom(sbt.plugins.Giter8TemplatePlugin)))
[debug] Clause(Atom(sbt.plugins.JvmPlugin),Set(Atom(sbt.plugins.MiniDependencyTreePlugin))))
[debug]   :: deduced result: Matched(sbt.plugins.CorePlugin,sbt.plugins.Giter8TemplatePlugin,sbt.plugins.IvyPlugin,sbt.plugins.JvmPlugin,sbt.plugins.MiniDependencyTreePlugin,sbt.plugins.JUnitXmlReportPlugin,sbt.plugins.SemanticdbPlugin)
[debug] Plugins.deducer#function took 1.7861 ms
[info] loading settings for project sparktest-build from idea.sbt ...
[debug]               Load.resolveProject(sparktest-build) took 6.428ms
[debug]             Load.loadTransitive: finalizeProject(Project(id sparktest-build, base: C:\Users\dell\IdeaProjects\SparkTest\project, plugins: List(<none>))) took 8.5888ms
[debug] [Loading] Done in C:\Users\dell\IdeaProjects\SparkTest\project, returning: (sparktest-build)
[debug]           Load.loadUnit: loadedProjectsRaw took 33.3543ms
[debug]           Load.loadUnit: cleanEvalClasses took 0.7045ms
[debug]         Load.loadUnit(file:/C:/Users/dell/IdeaProjects/SparkTest/project/, ...) took 63.027ms
[debug]       Load.apply: load took 63.8583ms
[debug]       Load.apply: resolveProjects took 0.087ms
[debug]       Load.apply: finalTransforms took 3.6531ms
[debug]       Load.apply: config.delegates took 0.2433ms
[debug]       Load.apply: Def.make(settings)... took 49.8829ms
[debug]       Load.apply: structureIndex took 19.4858ms
[debug]       Load.apply: mkStreams took 0.0035ms
[info] loading project definition from C:\Users\dell\IdeaProjects\SparkTest\project
[debug] Running task... Cancel: Signal, check cycles: false, forcegc: true
[debug]     Load.loadUnit: plugins took 329.92ms
[debug]     Load.loadUnit: defsScala took 0.0039ms
[debug] [Loading] Scanning directory C:\Users\dell\IdeaProjects\SparkTest
[debug]       Load.loadUnit: mkEval took 0.2896ms
[debug] [Loading] Found root project root w/ remaining 
[debug] deducing auto plugins based on known facts Set(Atom(sbt.plugins.CorePlugin)) and clauses Clauses(Clause(Atom(sbt.plugins.JvmPlugin),Set(Atom(sbt.plugins.IvyPlugin)))
[debug] Clause(Atom(sbt.ScriptedPlugin),Set(Atom(sbt.plugins.JvmPlugin)))
[debug] Clause(Atom(sbt.plugins.SbtPlugin),Set(Atom(sbt.ScriptedPlugin)))
[debug] Clause(Atom(sbt.plugins.SemanticdbPlugin),Set(Atom(sbt.plugins.JvmPlugin)))
[debug] Clause(Atom(sbt.plugins.JUnitXmlReportPlugin),Set(Atom(sbt.plugins.JvmPlugin)))
[debug] Clause(Atom(sbt.plugins.MiniDependencyTreePlugin),Set(Atom(sbt.plugins.JvmPlugin)))
[debug] Clause(Atom(org.jetbrains.sbt.StructurePlugin),Set(Atom(sbt.plugins.JvmPlugin)))
[debug] Clause(Atom(org.jetbrains.sbt.IdeaShellPlugin),Set(Atom(sbt.plugins.JvmPlugin)))
[debug] Clause(Atom(org.jetbrains.sbt.indices.SbtIntellijIndicesPlugin),Set(Atom(sbt.plugins.JvmPlugin)))
[debug] Clause(Atom(sbt.plugins.CorePlugin),Set(Atom(sbt.plugins.IvyPlugin)))
[debug] Clause(Atom(sbt.plugins.IvyPlugin),Set(Atom(sbt.plugins.JvmPlugin)))
[debug] Clause(Atom(sbt.plugins.JvmPlugin),Set(Atom(sbt.plugins.SemanticdbPlugin)))
[debug] Clause(Atom(sbt.plugins.JvmPlugin),Set(Atom(sbt.plugins.JUnitXmlReportPlugin)))
[debug] Clause(Atom(sbt.plugins.CorePlugin),Set(Atom(sbt.plugins.Giter8TemplatePlugin)))
[debug] Clause(Atom(sbt.plugins.JvmPlugin),Set(Atom(sbt.plugins.MiniDependencyTreePlugin)))
[debug] Clause(Atom(sbt.plugins.JvmPlugin),Set(Atom(org.jetbrains.sbt.StructurePlugin)))
[debug] Clause(Atom(sbt.plugins.JvmPlugin),Set(Atom(org.jetbrains.sbt.IdeaShellPlugin)))
[debug] Clause(And(Set(Atom(sbt.plugins.CorePlugin), Atom(sbt.plugins.JvmPlugin))),Set(Atom(org.jetbrains.sbt.indices.SbtIntellijIndicesPlugin))))
[debug]   :: deduced result: Matched(sbt.plugins.CorePlugin,sbt.plugins.Giter8TemplatePlugin,sbt.plugins.IvyPlugin,sbt.plugins.JvmPlugin,sbt.plugins.SemanticdbPlugin,org.jetbrains.sbt.indices.SbtIntellijIndicesPlugin,sbt.plugins.JUnitXmlReportPlugin,org.jetbrains.sbt.IdeaShellPlugin,org.jetbrains.sbt.StructurePlugin,sbt.plugins.MiniDependencyTreePlugin)
[debug] Plugins.deducer#function took 1.4278 ms
[info] loading settings for project root from build.sbt ...
[debug]         Load.resolveProject(root) took 33.0733ms
[debug]       Load.loadTransitive: finalizeProject(Project(id root, base: C:\Users\dell\IdeaProjects\SparkTest, plugins: List(<none>))) took 34.9523ms
[debug] [Loading] Done in C:\Users\dell\IdeaProjects\SparkTest, returning: (root)
[debug]     Load.loadUnit: loadedProjectsRaw took 116.1983ms
[debug]     Load.loadUnit: cleanEvalClasses took 2.8691ms
[debug]   Load.loadUnit(file:/C:/Users/dell/IdeaProjects/SparkTest/, ...) took 449.6388ms
[debug] Load.apply: load took 450.5362ms
[debug] Load.apply: resolveProjects took 0.068ms
[debug] Load.apply: finalTransforms took 11.7903ms
[debug] Load.apply: config.delegates took 0.3561ms
[debug] Load.apply: Def.make(settings)... took 49.1435ms
[debug] Load.apply: structureIndex took 13.739ms
[debug] Load.apply: mkStreams took 0.0023ms
[warn] Discarding 1 session setting.  Use 'session save' to persist session settings.
[info] set current project to SparkTest (in build file:/C:/Users/dell/IdeaProjects/SparkTest/)
[debug] > Exec(sbtPopOnFailure, None, None)
[debug] > Exec(resumeFromFailure, None, None)
[debug] > Exec(set _root_.org.jetbrains.sbt.StructureKeys.sbtStructureOptions in Global := "download resolveClassifiers", None, None)
[info] Defining Global / sbtStructureOptions
[info] The new value will be used by Global / ssOptions
[debug] Defining 
[debug] 	Global / sbtStructureOptions
[debug] 
[debug] The new value will be used by 
[debug] 	Global / ssOptions
[info] Reapplying settings...
[info] set current project to SparkTest (in build file:/C:/Users/dell/IdeaProjects/SparkTest/)
[debug] > Exec(preferScala2, None, None)
[debug] > Exec(*/*:dumpStructureTo C:/Users/dell/AppData/Local/Temp/sbt-structure.xml, None, None)
[debug] Evaluating tasks: Global / dumpStructureTo
[warn] sbt 0.13 shell syntax is deprecated; use slash syntax instead: Global / dumpStructureTo
[debug] Running task... Cancel: Signal, check cycles: false, forcegc: true
[info] Writing structure to C:\Users\dell\AppData\Local\Temp\sbt-structure.xml...
[info] Done.
[success] Total time: 132 s (02:12), completed 2023-10-19 15:09:44
[debug] > Exec(session clear-all, None, None)
[info] Reapplying settings...
[info] set current project to SparkTest (in build file:/C:/Users/dell/IdeaProjects/SparkTest/)
[debug] > Exec(set ideaPort in Global := 55858, None, None)
[info] Defining Global / ideaPort
[info] The new value will be used by Compile / compile, Test / compile
[debug] Defining 
[debug] 	Global / ideaPort
[debug] 
[debug] The new value will be used by 
[debug] 	Compile / compile
[debug] 	Test / compile
[info] Reapplying settings...
[info] set current project to SparkTest (in build file:/C:/Users/dell/IdeaProjects/SparkTest/)
[debug] > Exec(idea-shell, None, None)
[debug] > Exec(, None, None)
[debug] > Exec(idea-shell, None, None)
[debug] > Exec(, None, None)
[debug] > Exec(idea-shell, None, None)
[debug] > Exec(, None, None)
[debug] > Exec(idea-shell, None, None)
[debug] > Exec(, None, None)
[debug] > Exec(idea-shell, None, None)
[debug] > Exec(, None, None)
[debug] > Exec(idea-shell, None, None)
[debug] > Exec(, None, None)
[debug] > Exec(idea-shell, None, None)
[debug] > Exec(, None, None)
[debug] > Exec(idea-shell, None, None)
